<?xml version="1.0" encoding="utf-8"?>
<test-run id="2" name="PersonalCloudLibrarySource.Tests.exe" fullname="D:/a/PersonalCloudLibrarySource/PersonalCloudLibrarySource/PersonalCloudLibrarySource.Tests/bin/Debug/PersonalCloudLibrarySource.Tests.exe" testcasecount="70" result="Failed" start-time="2026-07-12T03:18:38.0189443Z" end-time="2026-07-12T03:18:38.8256282Z" duration="0.806567" total="70" passed="69" failed="1" inconclusive="0" skipped="0" warnings="0" asserts="251" random-seed="629278045">
  <command-line><![CDATA["D:\a\PersonalCloudLibrarySource\PersonalCloudLibrarySource\PersonalCloudLibrarySource.Tests\bin\Debug\PersonalCloudLibrarySource.Tests.exe" --noheader]]></command-line>
  <filter />
  <test-suite type="Assembly" id="1089" name="PersonalCloudLibrarySource.Tests.exe" fullname="D:/a/PersonalCloudLibrarySource/PersonalCloudLibrarySource/PersonalCloudLibrarySource.Tests/bin/Debug/PersonalCloudLibrarySource.Tests.exe" runstate="Runnable" testcasecount="70" result="Failed" site="Child" start-time="2026-07-12T03:18:38.0189443Z" end-time="2026-07-12T03:18:38.8256282Z" duration="0.806567" total="70" passed="69" failed="1" warnings="0" inconclusive="0" skipped="0" asserts="251">
    <environment framework-version="3.14.0.0" clr-version="4.0.30319.42000" os-version="Microsoft Windows NT 10.0.26100" platform="Win32NT" cwd="D:\a\PersonalCloudLibrarySource\PersonalCloudLibrarySource" machine-name="runnervmuktm0" user="runneradmin" user-domain="runnervmuktm0" culture="en-US" uiculture="en-US" os-architecture="x86" />
    <settings>
      <setting name="WorkDirectory" value="D:\a\PersonalCloudLibrarySource\PersonalCloudLibrarySource" />
      <setting name="NumberOfTestWorkers" value="4" />
    </settings>
    <properties>
      <property name="_PID" value="10136" />
      <property name="_APPDOMAIN" value="PersonalCloudLibrarySource.Tests.exe" />
    </properties>
    <failure>
      <message><![CDATA[One or more child tests had errors]]></message>
    </failure>
    <test-suite type="TestSuite" id="1090" name="PersonalCloudLibrarySource" fullname="PersonalCloudLibrarySource" runstate="Runnable" testcasecount="70" result="Failed" site="Child" start-time="2026-07-12T03:18:38.0250067Z" end-time="2026-07-12T03:18:38.8256282Z" duration="0.800388" total="70" passed="69" failed="1" warnings="0" inconclusive="0" skipped="0" asserts="251">
      <failure>
        <message><![CDATA[One or more child tests had errors]]></message>
      </failure>
      <test-suite type="TestSuite" id="1091" name="Tests" fullname="PersonalCloudLibrarySource.Tests" runstate="Runnable" testcasecount="70" result="Failed" site="Child" start-time="2026-07-12T03:18:38.0250067Z" end-time="2026-07-12T03:18:38.8256282Z" duration="0.799961" total="70" passed="69" failed="1" warnings="0" inconclusive="0" skipped="0" asserts="251">
        <failure>
          <message><![CDATA[One or more child tests had errors]]></message>
        </failure>
        <test-suite type="TestSuite" id="1095" name="Dashboard" fullname="PersonalCloudLibrarySource.Tests.Dashboard" runstate="Runnable" testcasecount="17" result="Passed" start-time="2026-07-12T03:18:38.0267744Z" end-time="2026-07-12T03:18:38.4172226Z" duration="0.391088" total="17" passed="17" failed="0" warnings="0" inconclusive="0" skipped="0" asserts="27">
          <test-suite type="TestFixture" id="1076" name="DashboardActivityServiceTests" fullname="PersonalCloudLibrarySource.Tests.Dashboard.DashboardActivityServiceTests" classname="PersonalCloudLibrarySource.Tests.Dashboard.DashboardActivityServiceTests" runstate="Runnable" testcasecount="4" result="Passed" start-time="2026-07-12T03:18:38.0267744Z" end-time="2026-07-12T03:18:38.0508319Z" duration="0.024077" total="4" passed="4" failed="0" warnings="0" inconclusive="0" skipped="0" asserts="6">
            <test-case id="1078" name="Add_EmptyMessage_DoesNotCreateRecord" fullname="PersonalCloudLibrarySource.Tests.Dashboard.DashboardActivityServiceTests.Add_EmptyMessage_DoesNotCreateRecord" methodname="Add_EmptyMessage_DoesNotCreateRecord" classname="PersonalCloudLibrarySource.Tests.Dashboard.DashboardActivityServiceTests" runstate="Runnable" seed="212553006" result="Passed" start-time="2026-07-12T03:18:38.0287956Z" end-time="2026-07-12T03:18:38.0368932Z" duration="0.008618" asserts="1" />
            <test-case id="1077" name="Add_PrependsNewestRecordAndLimitsHistoryToFifty" fullname="PersonalCloudLibrarySource.Tests.Dashboard.DashboardActivityServiceTests.Add_PrependsNewestRecordAndLimitsHistoryToFifty" methodname="Add_PrependsNewestRecordAndLimitsHistoryToFifty" classname="PersonalCloudLibrarySource.Tests.Dashboard.DashboardActivityServiceTests" runstate="Runnable" seed="88552767" result="Passed" start-time="2026-07-12T03:18:38.0389213Z" end-time="2026-07-12T03:18:38.0488046Z" duration="0.009976" asserts="3" />
            <test-case id="1080" name="Add_RaisesChangedEventOnce" fullname="PersonalCloudLibrarySource.Tests.Dashboard.DashboardActivityServiceTests.Add_RaisesChangedEventOnce" methodname="Add_RaisesChangedEventOnce" classname="PersonalCloudLibrarySource.Tests.Dashboard.DashboardActivityServiceTests" runstate="Runnable" seed="552425276" result="Passed" start-time="2026-07-12T03:18:38.0488046Z" end-time="2026-07-12T03:18:38.0508319Z" duration="0.000438" asserts="1" />
            <test-case id="1079" name="Add_TrimsAndFlattensMultilineMessages" fullname="PersonalCloudLibrarySource.Tests.Dashboard.DashboardActivityServiceTests.Add_TrimsAndFlattensMultilineMessages" methodname="Add_TrimsAndFlattensMultilineMessages" classname="PersonalCloudLibrarySource.Tests.Dashboard.DashboardActivityServiceTests" runstate="Runnable" seed="670848932" result="Passed" start-time="2026-07-12T03:18:38.0508319Z" end-time="2026-07-12T03:18:38.0508319Z" duration="0.000181" asserts="1" />
          </test-suite>
          <test-suite type="TestFixture" id="1068" name="FriendlySourceNameProviderTests" fullname="PersonalCloudLibrarySource.Tests.Dashboard.FriendlySourceNameProviderTests" classname="PersonalCloudLibrarySource.Tests.Dashboard.FriendlySourceNameProviderTests" runstate="Runnable" testcasecount="6" result="Passed" start-time="2026-07-12T03:18:38.0528580Z" end-time="2026-07-12T03:18:38.0528580Z" duration="0.000716" total="6" passed="6" failed="0" warnings="0" inconclusive="0" skipped="0" asserts="6">
            <test-suite type="ParameterizedMethod" id="1075" name="GetDisplayName_ReturnsFriendlyLabel" fullname="PersonalCloudLibrarySource.Tests.Dashboard.FriendlySourceNameProviderTests.GetDisplayName_ReturnsFriendlyLabel" classname="PersonalCloudLibrarySource.Tests.Dashboard.FriendlySourceNameProviderTests" runstate="Runnable" testcasecount="6" result="Passed" start-time="2026-07-12T03:18:38.0528580Z" end-time="2026-07-12T03:18:38.0528580Z" duration="0.000592" total="6" passed="6" failed="0" warnings="0" inconclusive="0" skipped="0" asserts="6">
              <test-case id="1069" name="GetDisplayName_ReturnsFriendlyLabel(null,&quot;Existing manifest file&quot;)" fullname="PersonalCloudLibrarySource.Tests.Dashboard.FriendlySourceNameProviderTests.GetDisplayName_ReturnsFriendlyLabel(null,&quot;Existing manifest file&quot;)" methodname="GetDisplayName_ReturnsFriendlyLabel" classname="PersonalCloudLibrarySource.Tests.Dashboard.FriendlySourceNameProviderTests" runstate="Runnable" seed="889652800" result="Passed" start-time="2026-07-12T03:18:38.0528580Z" end-time="2026-07-12T03:18:38.0528580Z" duration="0.000253" asserts="1" />
              <test-case id="1070" name="GetDisplayName_ReturnsFriendlyLabel(&quot;&quot;,&quot;Existing manifest file&quot;)" fullname="PersonalCloudLibrarySource.Tests.Dashboard.FriendlySourceNameProviderTests.GetDisplayName_ReturnsFriendlyLabel(&quot;&quot;,&quot;Existing manifest file&quot;)" methodname="GetDisplayName_ReturnsFriendlyLabel" classname="PersonalCloudLibrarySource.Tests.Dashboard.FriendlySourceNameProviderTests" runstate="Runnable" seed="1176741435" result="Passed" start-time="2026-07-12T03:18:38.0528580Z" end-time="2026-07-12T03:18:38.0528580Z" duration="0.000023" asserts="1" />
              <test-case id="1071" name="GetDisplayName_ReturnsFriendlyLabel(&quot;LocalFile&quot;,&quot;Existing manifest file&quot;)" fullname="PersonalCloudLibrarySource.Tests.Dashboard.FriendlySourceNameProviderTests.GetDisplayName_ReturnsFriendlyLabel(&quot;LocalFile&quot;,&quot;Existing manifest file&quot;)" methodname="GetDisplayName_ReturnsFriendlyLabel" classname="PersonalCloudLibrarySource.Tests.Dashboard.FriendlySourceNameProviderTests" runstate="Runnable" seed="259482109" result="Passed" start-time="2026-07-12T03:18:38.0528580Z" end-time="2026-07-12T03:18:38.0528580Z" duration="0.000010" asserts="1" />
              <test-case id="1072" name="GetDisplayName_ReturnsFriendlyLabel(&quot;LocalFolder&quot;,&quot;Local, external, or network folder&quot;)" fullname="PersonalCloudLibrarySource.Tests.Dashboard.FriendlySourceNameProviderTests.GetDisplayName_ReturnsFriendlyLabel(&quot;LocalFolder&quot;,&quot;Local, external, or network folder&quot;)" methodname="GetDisplayName_ReturnsFriendlyLabel" classname="PersonalCloudLibrarySource.Tests.Dashboard.FriendlySourceNameProviderTests" runstate="Runnable" seed="1245226075" result="Passed" start-time="2026-07-12T03:18:38.0528580Z" end-time="2026-07-12T03:18:38.0528580Z" duration="0.000008" asserts="1" />
              <test-case id="1073" name="GetDisplayName_ReturnsFriendlyLabel(&quot;RcloneRemote&quot;,&quot;Cloud storage through rclone&quot;)" fullname="PersonalCloudLibrarySource.Tests.Dashboard.FriendlySourceNameProviderTests.GetDisplayName_ReturnsFriendlyLabel(&quot;RcloneRemote&quot;,&quot;Cloud storage through rclone&quot;)" methodname="GetDisplayName_ReturnsFriendlyLabel" classname="PersonalCloudLibrarySource.Tests.Dashboard.FriendlySourceNameProviderTests" runstate="Runnable" seed="1788827684" result="Passed" start-time="2026-07-12T03:18:38.0528580Z" end-time="2026-07-12T03:18:38.0528580Z" duration="0.000007" asserts="1" />
              <test-case id="1074" name="GetDisplayName_ReturnsFriendlyLabel(&quot;FutureProvider&quot;,&quot;Unknown source&quot;)" fullname="PersonalCloudLibrarySource.Tests.Dashboard.FriendlySourceNameProviderTests.GetDisplayName_ReturnsFriendlyLabel(&quot;FutureProvider&quot;,&quot;Unknown source&quot;)" methodname="GetDisplayName_ReturnsFriendlyLabel" classname="PersonalCloudLibrarySource.Tests.Dashboard.FriendlySourceNameProviderTests" runstate="Runnable" seed="1470114236" result="Passed" start-time="2026-07-12T03:18:38.0528580Z" end-time="2026-07-12T03:18:38.0528580Z" duration="0.000007" asserts="1" />
            </test-suite>
          </test-suite>
          <test-suite type="TestFixture" id="1081" name="LibraryStatusServiceTests" fullname="PersonalCloudLibrarySource.Tests.Dashboard.LibraryStatusServiceTests" classname="PersonalCloudLibrarySource.Tests.Dashboard.LibraryStatusServiceTests" runstate="Runnable" testcasecount="7" result="Passed" start-time="2026-07-12T03:18:38.0528580Z" end-time="2026-07-12T03:18:38.4172226Z" duration="0.363749" total="7" passed="7" failed="0" warnings="0" inconclusive="0" skipped="0" asserts="15">
            <test-case id="1086" name="BuildState_ActiveTransfers_TakesPriorityOverWarnings" fullname="PersonalCloudLibrarySource.Tests.Dashboard.LibraryStatusServiceTests.BuildState_ActiveTransfers_TakesPriorityOverWarnings" methodname="BuildState_ActiveTransfers_TakesPriorityOverWarnings" classname="PersonalCloudLibrarySource.Tests.Dashboard.LibraryStatusServiceTests" runstate="Runnable" seed="175995751" result="Passed" start-time="2026-07-12T03:18:38.0528580Z" end-time="2026-07-12T03:18:38.4111706Z" duration="0.356996" asserts="1" />
            <test-case id="1087" name="BuildState_FailedTransfer_TakesPriorityOverActiveTransfer" fullname="PersonalCloudLibrarySource.Tests.Dashboard.LibraryStatusServiceTests.BuildState_FailedTransfer_TakesPriorityOverActiveTransfer" methodname="BuildState_FailedTransfer_TakesPriorityOverActiveTransfer" classname="PersonalCloudLibrarySource.Tests.Dashboard.LibraryStatusServiceTests" runstate="Runnable" seed="100954052" result="Passed" start-time="2026-07-12T03:18:38.4111706Z" end-time="2026-07-12T03:18:38.4111706Z" duration="0.000221" asserts="1" />
            <test-case id="1082" name="BuildState_IncompleteLocalFileSetup_ReturnsNeedsSetup" fullname="PersonalCloudLibrarySource.Tests.Dashboard.LibraryStatusServiceTests.BuildState_IncompleteLocalFileSetup_ReturnsNeedsSetup" methodname="BuildState_IncompleteLocalFileSetup_ReturnsNeedsSetup" classname="PersonalCloudLibrarySource.Tests.Dashboard.LibraryStatusServiceTests" runstate="Runnable" seed="146169584" result="Passed" start-time="2026-07-12T03:18:38.4111706Z" end-time="2026-07-12T03:18:38.4152033Z" duration="0.004484" asserts="2" />
            <test-case id="1084" name="BuildState_SourceUnavailable_ReturnsSourceUnavailable" fullname="PersonalCloudLibrarySource.Tests.Dashboard.LibraryStatusServiceTests.BuildState_SourceUnavailable_ReturnsSourceUnavailable" methodname="BuildState_SourceUnavailable_ReturnsSourceUnavailable" classname="PersonalCloudLibrarySource.Tests.Dashboard.LibraryStatusServiceTests" runstate="Runnable" seed="448872834" result="Passed" start-time="2026-07-12T03:18:38.4152033Z" end-time="2026-07-12T03:18:38.4152033Z" duration="0.000178" asserts="1" />
            <test-case id="1083" name="BuildState_ValidConfiguration_ReturnsReady" fullname="PersonalCloudLibrarySource.Tests.Dashboard.LibraryStatusServiceTests.BuildState_ValidConfiguration_ReturnsReady" methodname="BuildState_ValidConfiguration_ReturnsReady" classname="PersonalCloudLibrarySource.Tests.Dashboard.LibraryStatusServiceTests" runstate="Runnable" seed="1399603353" result="Passed" start-time="2026-07-12T03:18:38.4152033Z" end-time="2026-07-12T03:18:38.4152033Z" duration="0.000454" asserts="5" />
            <test-case id="1085" name="BuildState_Warnings_ReturnsVerificationWarnings" fullname="PersonalCloudLibrarySource.Tests.Dashboard.LibraryStatusServiceTests.BuildState_Warnings_ReturnsVerificationWarnings" methodname="BuildState_Warnings_ReturnsVerificationWarnings" classname="PersonalCloudLibrarySource.Tests.Dashboard.LibraryStatusServiceTests" runstate="Runnable" seed="158338721" result="Passed" start-time="2026-07-12T03:18:38.4152033Z" end-time="2026-07-12T03:18:38.4152033Z" duration="0.000203" asserts="2" />
            <test-case id="1088" name="IsSetupComplete_RecognizesEachSupportedSourceType" fullname="PersonalCloudLibrarySource.Tests.Dashboard.LibraryStatusServiceTests.IsSetupComplete_RecognizesEachSupportedSourceType" methodname="IsSetupComplete_RecognizesEachSupportedSourceType" classname="PersonalCloudLibrarySource.Tests.Dashboard.LibraryStatusServiceTests" runstate="Runnable" seed="59125962" result="Passed" start-time="2026-07-12T03:18:38.4152033Z" end-time="2026-07-12T03:18:38.4172226Z" duration="0.000803" asserts="3" />
          </test-suite>
        </test-suite>
        <test-suite type="TestSuite" id="1094" name="Services" fullname="PersonalCloudLibrarySource.Tests.Services" runstate="Runnable" testcasecount="12" result="Passed" start-time="2026-07-12T03:18:38.0267744Z" end-time="2026-07-12T03:18:38.5339530Z" duration="0.508893" total="12" passed="12" failed="0" warnings="0" inconclusive="0" skipped="0" asserts="50">
          <test-suite type="TestFixture" id="1053" name="GameCommandPolicyServiceTests" fullname="PersonalCloudLibrarySource.Tests.Services.GameCommandPolicyServiceTests" classname="PersonalCloudLibrarySource.Tests.Services.GameCommandPolicyServiceTests" runstate="Runnable" testcasecount="8" result="Passed" start-time="2026-07-12T03:18:38.4172226Z" end-time="2026-07-12T03:18:38.4529640Z" duration="0.036568" total="8" passed="8" failed="0" warnings="0" inconclusive="0" skipped="0" asserts="30">
            <test-case id="1057" name="Evaluate_ActiveTransfer_OffersCancelAndSuppressesDuplicateInstall" fullname="PersonalCloudLibrarySource.Tests.Services.GameCommandPolicyServiceTests.Evaluate_ActiveTransfer_OffersCancelAndSuppressesDuplicateInstall" methodname="Evaluate_ActiveTransfer_OffersCancelAndSuppressesDuplicateInstall" classname="PersonalCloudLibrarySource.Tests.Services.GameCommandPolicyServiceTests" runstate="Runnable" seed="1072288734" result="Passed" start-time="2026-07-12T03:18:38.4172226Z" end-time="2026-07-12T03:18:38.4509460Z" duration="0.034240" asserts="3" />
            <test-case id="1061" name="Evaluate_AllCachedMultiSelection_AllowsSafeBatchRemoval" fullname="PersonalCloudLibrarySource.Tests.Services.GameCommandPolicyServiceTests.Evaluate_AllCachedMultiSelection_AllowsSafeBatchRemoval" methodname="Evaluate_AllCachedMultiSelection_AllowsSafeBatchRemoval" classname="PersonalCloudLibrarySource.Tests.Services.GameCommandPolicyServiceTests" runstate="Runnable" seed="1701342930" result="Passed" start-time="2026-07-12T03:18:38.4509460Z" end-time="2026-07-12T03:18:38.4509460Z" duration="0.000408" asserts="3" />
            <test-case id="1059" name="Evaluate_CachedSingleGame_OffersCacheActionsButNotInstall" fullname="PersonalCloudLibrarySource.Tests.Services.GameCommandPolicyServiceTests.Evaluate_CachedSingleGame_OffersCacheActionsButNotInstall" methodname="Evaluate_CachedSingleGame_OffersCacheActionsButNotInstall" classname="PersonalCloudLibrarySource.Tests.Services.GameCommandPolicyServiceTests" runstate="Runnable" seed="874831615" result="Passed" start-time="2026-07-12T03:18:38.4509460Z" end-time="2026-07-12T03:18:38.4529640Z" duration="0.000372" asserts="5" />
            <test-case id="1055" name="Evaluate_MixedLibrarySelection_HidesPluginCommands" fullname="PersonalCloudLibrarySource.Tests.Services.GameCommandPolicyServiceTests.Evaluate_MixedLibrarySelection_HidesPluginCommands" methodname="Evaluate_MixedLibrarySelection_HidesPluginCommands" classname="PersonalCloudLibrarySource.Tests.Services.GameCommandPolicyServiceTests" runstate="Runnable" seed="1173503949" result="Passed" start-time="2026-07-12T03:18:38.4529640Z" end-time="2026-07-12T03:18:38.4529640Z" duration="0.000204" asserts="3" />
            <test-case id="1060" name="Evaluate_MultiSelection_AllowsInstallableSubsetButRequiresEveryGameSafeForBatchRemoval" fullname="PersonalCloudLibrarySource.Tests.Services.GameCommandPolicyServiceTests.Evaluate_MultiSelection_AllowsInstallableSubsetButRequiresEveryGameSafeForBatchRemoval" methodname="Evaluate_MultiSelection_AllowsInstallableSubsetButRequiresEveryGameSafeForBatchRemoval" classname="PersonalCloudLibrarySource.Tests.Services.GameCommandPolicyServiceTests" runstate="Runnable" seed="631896049" result="Passed" start-time="2026-07-12T03:18:38.4529640Z" end-time="2026-07-12T03:18:38.4529640Z" duration="0.000342" asserts="6" />
            <test-case id="1054" name="Evaluate_NoSelection_HidesPluginCommands" fullname="PersonalCloudLibrarySource.Tests.Services.GameCommandPolicyServiceTests.Evaluate_NoSelection_HidesPluginCommands" methodname="Evaluate_NoSelection_HidesPluginCommands" classname="PersonalCloudLibrarySource.Tests.Services.GameCommandPolicyServiceTests" runstate="Runnable" seed="694172660" result="Passed" start-time="2026-07-12T03:18:38.4529640Z" end-time="2026-07-12T03:18:38.4529640Z" duration="0.000112" asserts="1" />
            <test-case id="1056" name="Evaluate_RemoteOnlySingleGame_OffersInstallButNotCacheActions" fullname="PersonalCloudLibrarySource.Tests.Services.GameCommandPolicyServiceTests.Evaluate_RemoteOnlySingleGame_OffersInstallButNotCacheActions" methodname="Evaluate_RemoteOnlySingleGame_OffersInstallButNotCacheActions" classname="PersonalCloudLibrarySource.Tests.Services.GameCommandPolicyServiceTests" runstate="Runnable" seed="608488339" result="Passed" start-time="2026-07-12T03:18:38.4529640Z" end-time="2026-07-12T03:18:38.4529640Z" duration="0.000250" asserts="7" />
            <test-case id="1058" name="Evaluate_RetryableTransferWithoutActiveJob_OffersRetry" fullname="PersonalCloudLibrarySource.Tests.Services.GameCommandPolicyServiceTests.Evaluate_RetryableTransferWithoutActiveJob_OffersRetry" methodname="Evaluate_RetryableTransferWithoutActiveJob_OffersRetry" classname="PersonalCloudLibrarySource.Tests.Services.GameCommandPolicyServiceTests" runstate="Runnable" seed="835803292" result="Passed" start-time="2026-07-12T03:18:38.4529640Z" end-time="2026-07-12T03:18:38.4529640Z" duration="0.000176" asserts="2" />
          </test-suite>
          <test-suite type="TestFixture" id="1062" name="GameCommandServiceTests" fullname="PersonalCloudLibrarySource.Tests.Services.GameCommandServiceTests" classname="PersonalCloudLibrarySource.Tests.Services.GameCommandServiceTests" runstate="Runnable" testcasecount="3" result="Passed" start-time="2026-07-12T03:18:38.4529640Z" end-time="2026-07-12T03:18:38.5339530Z" duration="0.079521" total="3" passed="3" failed="0" warnings="0" inconclusive="0" skipped="0" asserts="11">
            <test-case id="1065" name="ResolveTargets_CachedPathOutsideManagedCache_IsNeverRemovableByDefault" fullname="PersonalCloudLibrarySource.Tests.Services.GameCommandServiceTests.ResolveTargets_CachedPathOutsideManagedCache_IsNeverRemovableByDefault" methodname="ResolveTargets_CachedPathOutsideManagedCache_IsNeverRemovableByDefault" classname="PersonalCloudLibrarySource.Tests.Services.GameCommandServiceTests" runstate="Runnable" seed="1169588903" result="Passed" start-time="2026-07-12T03:18:38.4529640Z" end-time="2026-07-12T03:18:38.5281711Z" duration="0.073548" asserts="3" />
            <test-case id="1063" name="ResolveTargets_LocalCachedGame_ProvidesOpenAndSafeRemoveActions" fullname="PersonalCloudLibrarySource.Tests.Services.GameCommandServiceTests.ResolveTargets_LocalCachedGame_ProvidesOpenAndSafeRemoveActions" methodname="ResolveTargets_LocalCachedGame_ProvidesOpenAndSafeRemoveActions" classname="PersonalCloudLibrarySource.Tests.Services.GameCommandServiceTests" runstate="Runnable" seed="2066470591" result="Passed" start-time="2026-07-12T03:18:38.5281711Z" end-time="2026-07-12T03:18:38.5321966Z" duration="0.003890" asserts="5" />
            <test-case id="1064" name="ResolveTargets_RcloneRemoteOnlyGame_RemainsInstallableWithoutOpenSourceAction" fullname="PersonalCloudLibrarySource.Tests.Services.GameCommandServiceTests.ResolveTargets_RcloneRemoteOnlyGame_RemainsInstallableWithoutOpenSourceAction" methodname="ResolveTargets_RcloneRemoteOnlyGame_RemainsInstallableWithoutOpenSourceAction" classname="PersonalCloudLibrarySource.Tests.Services.GameCommandServiceTests" runstate="Runnable" seed="1200242060" result="Passed" start-time="2026-07-12T03:18:38.5321966Z" end-time="2026-07-12T03:18:38.5339530Z" duration="0.001783" asserts="3" />
          </test-suite>
          <test-suite type="TestFixture" id="1066" name="PluginNavigationServiceTests" fullname="PersonalCloudLibrarySource.Tests.Services.PluginNavigationServiceTests" classname="PersonalCloudLibrarySource.Tests.Services.PluginNavigationServiceTests" runstate="Runnable" testcasecount="1" result="Passed" start-time="2026-07-12T03:18:38.5339530Z" end-time="2026-07-12T03:18:38.5339530Z" duration="0.001600" total="1" passed="1" failed="0" warnings="0" inconclusive="0" skipped="0" asserts="9">
            <test-case id="1067" name="Commands_RouteToConfiguredActions" fullname="PersonalCloudLibrarySource.Tests.Services.PluginNavigationServiceTests.Commands_RouteToConfiguredActions" methodname="Commands_RouteToConfiguredActions" classname="PersonalCloudLibrarySource.Tests.Services.PluginNavigationServiceTests" runstate="Runnable" seed="61239067" result="Passed" start-time="2026-07-12T03:18:38.5339530Z" end-time="2026-07-12T03:18:38.5339530Z" duration="0.001454" asserts="9" />
          </test-suite>
        </test-suite>
        <test-suite type="TestFixture" id="1000" name="SettingsMigrationServiceTests" fullname="PersonalCloudLibrarySource.Tests.SettingsMigrationServiceTests" classname="PersonalCloudLibrarySource.Tests.SettingsMigrationServiceTests" runstate="Runnable" testcasecount="4" result="Passed" start-time="2026-07-12T03:18:38.5339530Z" end-time="2026-07-12T03:18:38.5379733Z" duration="0.002241" total="4" passed="4" failed="0" warnings="0" inconclusive="0" skipped="0" asserts="30">
          <test-case id="1002" name="Migrate_CurrentSettings_DoesNotOverwriteUserPreferences" fullname="PersonalCloudLibrarySource.Tests.SettingsMigrationServiceTests.Migrate_CurrentSettings_DoesNotOverwriteUserPreferences" methodname="Migrate_CurrentSettings_DoesNotOverwriteUserPreferences" classname="PersonalCloudLibrarySource.Tests.SettingsMigrationServiceTests" runstate="Runnable" seed="2020415614" result="Passed" start-time="2026-07-12T03:18:38.5339530Z" end-time="2026-07-12T03:18:38.5359632Z" duration="0.001239" asserts="9" />
          <test-suite type="ParameterizedMethod" id="1005" name="Migrate_InvalidTransferConcurrency_ResetsToOne" fullname="PersonalCloudLibrarySource.Tests.SettingsMigrationServiceTests.Migrate_InvalidTransferConcurrency_ResetsToOne" classname="PersonalCloudLibrarySource.Tests.SettingsMigrationServiceTests" runstate="Runnable" testcasecount="2" result="Passed" start-time="2026-07-12T03:18:38.5359632Z" end-time="2026-07-12T03:18:38.5359632Z" duration="0.000205" total="2" passed="2" failed="0" warnings="0" inconclusive="0" skipped="0" asserts="2">
            <test-case id="1003" name="Migrate_InvalidTransferConcurrency_ResetsToOne(0)" fullname="PersonalCloudLibrarySource.Tests.SettingsMigrationServiceTests.Migrate_InvalidTransferConcurrency_ResetsToOne(0)" methodname="Migrate_InvalidTransferConcurrency_ResetsToOne" classname="PersonalCloudLibrarySource.Tests.SettingsMigrationServiceTests" runstate="Runnable" seed="1789709599" result="Passed" start-time="2026-07-12T03:18:38.5359632Z" end-time="2026-07-12T03:18:38.5359632Z" duration="0.000129" asserts="1" />
            <test-case id="1004" name="Migrate_InvalidTransferConcurrency_ResetsToOne(5)" fullname="PersonalCloudLibrarySource.Tests.SettingsMigrationServiceTests.Migrate_InvalidTransferConcurrency_ResetsToOne(5)" methodname="Migrate_InvalidTransferConcurrency_ResetsToOne" classname="PersonalCloudLibrarySource.Tests.SettingsMigrationServiceTests" runstate="Runnable" seed="2127354059" result="Passed" start-time="2026-07-12T03:18:38.5359632Z" end-time="2026-07-12T03:18:38.5359632Z" duration="0.000017" asserts="1" />
          </test-suite>
          <test-case id="1001" name="Migrate_LegacySettings_PreservesExistingConfigurationAndAddsSafeDefaults" fullname="PersonalCloudLibrarySource.Tests.SettingsMigrationServiceTests.Migrate_LegacySettings_PreservesExistingConfigurationAndAddsSafeDefaults" methodname="Migrate_LegacySettings_PreservesExistingConfigurationAndAddsSafeDefaults" classname="PersonalCloudLibrarySource.Tests.SettingsMigrationServiceTests" runstate="Runnable" seed="900993045" result="Passed" start-time="2026-07-12T03:18:38.5359632Z" end-time="2026-07-12T03:18:38.5359632Z" duration="0.000621" asserts="19" />
        </test-suite>
        <test-suite type="TestSuite" id="1093" name="Setup" fullname="PersonalCloudLibrarySource.Tests.Setup" runstate="Runnable" testcasecount="5" result="Passed" start-time="2026-07-12T03:18:38.0267744Z" end-time="2026-07-12T03:18:38.5440021Z" duration="0.519058" total="5" passed="5" failed="0" warnings="0" inconclusive="0" skipped="0" asserts="31">
          <test-suite type="TestFixture" id="1047" name="SetupWizardViewModelTests" fullname="PersonalCloudLibrarySource.Tests.Setup.SetupWizardViewModelTests" classname="PersonalCloudLibrarySource.Tests.Setup.SetupWizardViewModelTests" runstate="Runnable" testcasecount="5" result="Passed" start-time="2026-07-12T03:18:38.5379733Z" end-time="2026-07-12T03:18:38.5440021Z" duration="0.007897" total="5" passed="5" failed="0" warnings="0" inconclusive="0" skipped="0" asserts="31">
            <test-case id="1050" name="Back_ReturnsToPreviousStepWithoutChangingActiveSettings" fullname="PersonalCloudLibrarySource.Tests.Setup.SetupWizardViewModelTests.Back_ReturnsToPreviousStepWithoutChangingActiveSettings" methodname="Back_ReturnsToPreviousStepWithoutChangingActiveSettings" classname="PersonalCloudLibrarySource.Tests.Setup.SetupWizardViewModelTests" runstate="Runnable" seed="956059917" result="Passed" start-time="2026-07-12T03:18:38.5379733Z" end-time="2026-07-12T03:18:38.5419923Z" duration="0.004038" asserts="7" />
            <test-case id="1052" name="Cancel_DoesNotCopyDraftIntoActiveSettings" fullname="PersonalCloudLibrarySource.Tests.Setup.SetupWizardViewModelTests.Cancel_DoesNotCopyDraftIntoActiveSettings" methodname="Cancel_DoesNotCopyDraftIntoActiveSettings" classname="PersonalCloudLibrarySource.Tests.Setup.SetupWizardViewModelTests" runstate="Runnable" seed="1622275308" result="Passed" start-time="2026-07-12T03:18:38.5419923Z" end-time="2026-07-12T03:18:38.5419923Z" duration="0.000303" asserts="2" />
            <test-case id="1051" name="Complete_ValidReview_CopiesDraftIntoActiveSettings" fullname="PersonalCloudLibrarySource.Tests.Setup.SetupWizardViewModelTests.Complete_ValidReview_CopiesDraftIntoActiveSettings" methodname="Complete_ValidReview_CopiesDraftIntoActiveSettings" classname="PersonalCloudLibrarySource.Tests.Setup.SetupWizardViewModelTests" runstate="Runnable" seed="302885917" result="Passed" start-time="2026-07-12T03:18:38.5419923Z" end-time="2026-07-12T03:18:38.5440021Z" duration="0.001511" asserts="13" />
            <test-case id="1048" name="Constructor_CreatesIndependentDraftFromExistingSettings" fullname="PersonalCloudLibrarySource.Tests.Setup.SetupWizardViewModelTests.Constructor_CreatesIndependentDraftFromExistingSettings" methodname="Constructor_CreatesIndependentDraftFromExistingSettings" classname="PersonalCloudLibrarySource.Tests.Setup.SetupWizardViewModelTests" runstate="Runnable" seed="1671780067" result="Passed" start-time="2026-07-12T03:18:38.5440021Z" end-time="2026-07-12T03:18:38.5440021Z" duration="0.000851" asserts="4" />
            <test-case id="1049" name="Next_MissingRequiredSourceValue_StaysOnConfigureStepAndShowsError" fullname="PersonalCloudLibrarySource.Tests.Setup.SetupWizardViewModelTests.Next_MissingRequiredSourceValue_StaysOnConfigureStepAndShowsError" methodname="Next_MissingRequiredSourceValue_StaysOnConfigureStepAndShowsError" classname="PersonalCloudLibrarySource.Tests.Setup.SetupWizardViewModelTests" runstate="Runnable" seed="167802387" result="Passed" start-time="2026-07-12T03:18:38.5440021Z" end-time="2026-07-12T03:18:38.5440021Z" duration="0.000893" asserts="5" />
          </test-suite>
        </test-suite>
        <test-suite type="TestSuite" id="1092" name="Transfers" fullname="PersonalCloudLibrarySource.Tests.Transfers" runstate="Runnable" testcasecount="32" result="Failed" site="Child" start-time="2026-07-12T03:18:38.0267744Z" end-time="2026-07-12T03:18:38.8256282Z" duration="0.799889" total="32" passed="31" failed="1" warnings="0" inconclusive="0" skipped="0" asserts="113">
          <failure>
            <message><![CDATA[One or more child tests had errors]]></message>
          </failure>
          <test-suite type="TestFixture" id="1006" name="CloudTransferExecutorTests" fullname="PersonalCloudLibrarySource.Tests.Transfers.CloudTransferExecutorTests" classname="PersonalCloudLibrarySource.Tests.Transfers.CloudTransferExecutorTests" runstate="Runnable" testcasecount="4" result="Passed" start-time="2026-07-12T03:18:38.5440021Z" end-time="2026-07-12T03:18:38.5757002Z" duration="0.031735" total="4" passed="4" failed="0" warnings="0" inconclusive="0" skipped="0" asserts="16">
            <test-case id="1009" name="ExecuteLocalFile_CancelledJob_DoesNotStartCopy" fullname="PersonalCloudLibrarySource.Tests.Transfers.CloudTransferExecutorTests.ExecuteLocalFile_CancelledJob_DoesNotStartCopy" methodname="ExecuteLocalFile_CancelledJob_DoesNotStartCopy" classname="PersonalCloudLibrarySource.Tests.Transfers.CloudTransferExecutorTests" runstate="Runnable" seed="973273751" result="Passed" start-time="2026-07-12T03:18:38.5460119Z" end-time="2026-07-12T03:18:38.5517898Z" duration="0.007393" asserts="3" />
            <test-case id="1008" name="ExecuteLocalFile_Failure_TransitionsJobToFailedAndStartsNextJob" fullname="PersonalCloudLibrarySource.Tests.Transfers.CloudTransferExecutorTests.ExecuteLocalFile_Failure_TransitionsJobToFailedAndStartsNextJob" methodname="ExecuteLocalFile_Failure_TransitionsJobToFailedAndStartsNextJob" classname="PersonalCloudLibrarySource.Tests.Transfers.CloudTransferExecutorTests" runstate="Runnable" seed="2029776981" result="Passed" start-time="2026-07-12T03:18:38.5517898Z" end-time="2026-07-12T03:18:38.5558110Z" duration="0.002564" asserts="4" />
            <test-case id="1007" name="ExecuteLocalFile_Success_TransitionsJobToCompleted" fullname="PersonalCloudLibrarySource.Tests.Transfers.CloudTransferExecutorTests.ExecuteLocalFile_Success_TransitionsJobToCompleted" methodname="ExecuteLocalFile_Success_TransitionsJobToCompleted" classname="PersonalCloudLibrarySource.Tests.Transfers.CloudTransferExecutorTests" runstate="Runnable" seed="506529029" result="Passed" start-time="2026-07-12T03:18:38.5558110Z" end-time="2026-07-12T03:18:38.5716646Z" duration="0.015826" asserts="4" />
            <test-case id="1010" name="ExecuteRcloneFile_Success_TransitionsJobToCompleted" fullname="PersonalCloudLibrarySource.Tests.Transfers.CloudTransferExecutorTests.ExecuteRcloneFile_Success_TransitionsJobToCompleted" methodname="ExecuteRcloneFile_Success_TransitionsJobToCompleted" classname="PersonalCloudLibrarySource.Tests.Transfers.CloudTransferExecutorTests" runstate="Runnable" seed="186190266" result="Passed" start-time="2026-07-12T03:18:38.5716646Z" end-time="2026-07-12T03:18:38.5757002Z" duration="0.005734" asserts="5" />
          </test-suite>
          <test-suite type="TestFixture" id="1011" name="CloudTransferManagerTests" fullname="PersonalCloudLibrarySource.Tests.Transfers.CloudTransferManagerTests" classname="PersonalCloudLibrarySource.Tests.Transfers.CloudTransferManagerTests" runstate="Runnable" testcasecount="10" result="Failed" site="Child" start-time="2026-07-12T03:18:38.5777161Z" end-time="2026-07-12T03:18:38.7502283Z" duration="0.173000" total="10" passed="9" failed="1" warnings="0" inconclusive="0" skipped="0" asserts="27">
            <failure>
              <message><![CDATA[One or more child tests had errors]]></message>
            </failure>
            <test-case id="1016" name="AggregateProgress_UnknownActiveTotal_IsIndeterminate" fullname="PersonalCloudLibrarySource.Tests.Transfers.CloudTransferManagerTests.AggregateProgress_UnknownActiveTotal_IsIndeterminate" methodname="AggregateProgress_UnknownActiveTotal_IsIndeterminate" classname="PersonalCloudLibrarySource.Tests.Transfers.CloudTransferManagerTests" runstate="Runnable" seed="1184858071" result="Passed" start-time="2026-07-12T03:18:38.5777161Z" end-time="2026-07-12T03:18:38.5777161Z" duration="0.001172" asserts="2" />
            <test-case id="1013" name="Complete_ActiveJob_StartsNextQueuedJob" fullname="PersonalCloudLibrarySource.Tests.Transfers.CloudTransferManagerTests.Complete_ActiveJob_StartsNextQueuedJob" methodname="Complete_ActiveJob_StartsNextQueuedJob" classname="PersonalCloudLibrarySource.Tests.Transfers.CloudTransferManagerTests" runstate="Runnable" seed="1603934184" result="Passed" start-time="2026-07-12T03:18:38.5777161Z" end-time="2026-07-12T03:18:38.5777161Z" duration="0.000659" asserts="4" />
            <test-suite type="ParameterizedMethod" id="1022" name="Constructor_InvalidConcurrency_UsesOne" fullname="PersonalCloudLibrarySource.Tests.Transfers.CloudTransferManagerTests.Constructor_InvalidConcurrency_UsesOne" classname="PersonalCloudLibrarySource.Tests.Transfers.CloudTransferManagerTests" runstate="Runnable" testcasecount="2" result="Passed" start-time="2026-07-12T03:18:38.5797398Z" end-time="2026-07-12T03:18:38.5797398Z" duration="0.000289" total="2" passed="2" failed="0" warnings="0" inconclusive="0" skipped="0" asserts="2">
              <test-case id="1020" name="Constructor_InvalidConcurrency_UsesOne(0)" fullname="PersonalCloudLibrarySource.Tests.Transfers.CloudTransferManagerTests.Constructor_InvalidConcurrency_UsesOne(0)" methodname="Constructor_InvalidConcurrency_UsesOne" classname="PersonalCloudLibrarySource.Tests.Transfers.CloudTransferManagerTests" runstate="Runnable" seed="421450196" result="Passed" start-time="2026-07-12T03:18:38.5797398Z" end-time="2026-07-12T03:18:38.5797398Z" duration="0.000214" asserts="1" />
              <test-case id="1021" name="Constructor_InvalidConcurrency_UsesOne(5)" fullname="PersonalCloudLibrarySource.Tests.Transfers.CloudTransferManagerTests.Constructor_InvalidConcurrency_UsesOne(5)" methodname="Constructor_InvalidConcurrency_UsesOne" classname="PersonalCloudLibrarySource.Tests.Transfers.CloudTransferManagerTests" runstate="Runnable" seed="1016148999" result="Passed" start-time="2026-07-12T03:18:38.5797398Z" end-time="2026-07-12T03:18:38.5797398Z" duration="0.000017" asserts="1" />
            </test-suite>
            <test-case id="1012" name="Enqueue_StartsOnlyConfiguredNumberOfJobs" fullname="PersonalCloudLibrarySource.Tests.Transfers.CloudTransferManagerTests.Enqueue_StartsOnlyConfiguredNumberOfJobs" methodname="Enqueue_StartsOnlyConfiguredNumberOfJobs" classname="PersonalCloudLibrarySource.Tests.Transfers.CloudTransferManagerTests" runstate="Runnable" seed="266418394" result="Passed" start-time="2026-07-12T03:18:38.5797398Z" end-time="2026-07-12T03:18:38.5797398Z" duration="0.000306" asserts="5" />
            <test-case id="1018" name="GetActiveJobForGame_ReturnsNewestNonTerminalAttempt" fullname="PersonalCloudLibrarySource.Tests.Transfers.CloudTransferManagerTests.GetActiveJobForGame_ReturnsNewestNonTerminalAttempt" methodname="GetActiveJobForGame_ReturnsNewestNonTerminalAttempt" classname="PersonalCloudLibrarySource.Tests.Transfers.CloudTransferManagerTests" runstate="Runnable" seed="1166408799" result="Passed" start-time="2026-07-12T03:18:38.5797398Z" end-time="2026-07-12T03:18:38.5915993Z" duration="0.012514" asserts="2" />
            <test-case id="1019" name="GetLatestRetryableJobForGame_ReturnsNewestFailedOrCancelledAttempt" fullname="PersonalCloudLibrarySource.Tests.Transfers.CloudTransferManagerTests.GetLatestRetryableJobForGame_ReturnsNewestFailedOrCancelledAttempt" methodname="GetLatestRetryableJobForGame_ReturnsNewestFailedOrCancelledAttempt" classname="PersonalCloudLibrarySource.Tests.Transfers.CloudTransferManagerTests" runstate="Runnable" seed="1029440383" result="Failed" start-time="2026-07-12T03:18:38.5915993Z" end-time="2026-07-12T03:18:38.7441630Z" duration="0.151808" asserts="2">
              <failure>
                <message><![CDATA[  Expected: 7e7f39ec-219f-4ced-b851-fc76b7e15d75
  But was:  a65eb3a2-6aeb-4bd0-be21-cbb9617e7551
]]></message>
                <stack-trace><![CDATA[   at PersonalCloudLibrarySource.Tests.Transfers.CloudTransferManagerTests.GetLatestRetryableJobForGame_ReturnsNewestFailedOrCancelledAttempt() in D:\a\PersonalCloudLibrarySource\PersonalCloudLibrarySource\PersonalCloudLibrarySource.Tests\Transfers\CloudTransferManagerTests.cs:line 131
]]></stack-trace>
              </failure>
              <assertions>
                <assertion result="Failed">
                  <message><![CDATA[  Expected: 7e7f39ec-219f-4ced-b851-fc76b7e15d75
  But was:  a65eb3a2-6aeb-4bd0-be21-cbb9617e7551
]]></message>
                  <stack-trace><![CDATA[   at PersonalCloudLibrarySource.Tests.Transfers.CloudTransferManagerTests.GetLatestRetryableJobForGame_ReturnsNewestFailedOrCancelledAttempt() in D:\a\PersonalCloudLibrarySource\PersonalCloudLibrarySource\PersonalCloudLibrarySource.Tests\Transfers\CloudTransferManagerTests.cs:line 131
]]></stack-trace>
                </assertion>
              </assertions>
            </test-case>
            <test-case id="1017" name="Retry_CreatesNewQueuedAttemptLinkedToFailedJobAndPreservesDirectoryKind" fullname="PersonalCloudLibrarySource.Tests.Transfers.CloudTransferManagerTests.Retry_CreatesNewQueuedAttemptLinkedToFailedJobAndPreservesDirectoryKind" methodname="Retry_CreatesNewQueuedAttemptLinkedToFailedJobAndPreservesDirectoryKind" classname="PersonalCloudLibrarySource.Tests.Transfers.CloudTransferManagerTests" runstate="Runnable" seed="2051428825" result="Passed" start-time="2026-07-12T03:18:38.7441630Z" end-time="2026-07-12T03:18:38.7461845Z" duration="0.001752" asserts="5" />
            <test-case id="1014" name="Transition_TerminalJob_RejectsFurtherChanges" fullname="PersonalCloudLibrarySource.Tests.Transfers.CloudTransferManagerTests.Transition_TerminalJob_RejectsFurtherChanges" methodname="Transition_TerminalJob_RejectsFurtherChanges" classname="PersonalCloudLibrarySource.Tests.Transfers.CloudTransferManagerTests" runstate="Runnable" seed="1276059791" result="Passed" start-time="2026-07-12T03:18:38.7461845Z" end-time="2026-07-12T03:18:38.7482058Z" duration="0.002232" asserts="1" />
            <test-case id="1015" name="UpdateProgress_AggregatesKnownByteTotals" fullname="PersonalCloudLibrarySource.Tests.Transfers.CloudTransferManagerTests.UpdateProgress_AggregatesKnownByteTotals" methodname="UpdateProgress_AggregatesKnownByteTotals" classname="PersonalCloudLibrarySource.Tests.Transfers.CloudTransferManagerTests" runstate="Runnable" seed="1276934579" result="Passed" start-time="2026-07-12T03:18:38.7482058Z" end-time="2026-07-12T03:18:38.7502283Z" duration="0.001757" asserts="4" />
          </test-suite>
          <test-suite type="TestFixture" id="1023" name="CloudTransferQueueItemViewModelTests" fullname="PersonalCloudLibrarySource.Tests.Transfers.CloudTransferQueueItemViewModelTests" classname="PersonalCloudLibrarySource.Tests.Transfers.CloudTransferQueueItemViewModelTests" runstate="Runnable" testcasecount="2" result="Passed" start-time="2026-07-12T03:18:38.7502283Z" end-time="2026-07-12T03:18:38.7522494Z" duration="0.003144" total="2" passed="2" failed="0" warnings="0" inconclusive="0" skipped="0" asserts="12">
            <test-case id="1024" name="ActiveJob_ShowsProgressAndInvokesCancel" fullname="PersonalCloudLibrarySource.Tests.Transfers.CloudTransferQueueItemViewModelTests.ActiveJob_ShowsProgressAndInvokesCancel" methodname="ActiveJob_ShowsProgressAndInvokesCancel" classname="PersonalCloudLibrarySource.Tests.Transfers.CloudTransferQueueItemViewModelTests" runstate="Runnable" seed="233382500" result="Passed" start-time="2026-07-12T03:18:38.7502283Z" end-time="2026-07-12T03:18:38.7522494Z" duration="0.002363" asserts="7" />
            <test-case id="1025" name="FailedJob_ShowsErrorAndInvokesRetry" fullname="PersonalCloudLibrarySource.Tests.Transfers.CloudTransferQueueItemViewModelTests.FailedJob_ShowsErrorAndInvokesRetry" methodname="FailedJob_ShowsErrorAndInvokesRetry" classname="PersonalCloudLibrarySource.Tests.Transfers.CloudTransferQueueItemViewModelTests" runstate="Runnable" seed="1208639999" result="Passed" start-time="2026-07-12T03:18:38.7522494Z" end-time="2026-07-12T03:18:38.7522494Z" duration="0.000600" asserts="5" />
          </test-suite>
          <test-suite type="TestFixture" id="1026" name="LocalTransferAdapterTests" fullname="PersonalCloudLibrarySource.Tests.Transfers.LocalTransferAdapterTests" classname="PersonalCloudLibrarySource.Tests.Transfers.LocalTransferAdapterTests" runstate="Runnable" testcasecount="4" result="Passed" start-time="2026-07-12T03:18:38.7522494Z" end-time="2026-07-12T03:18:38.8019126Z" duration="0.048522" total="4" passed="4" failed="0" warnings="0" inconclusive="0" skipped="0" asserts="18">
            <test-case id="1028" name="CopyDirectory_PreservesNestedStructureAndRemovesPartialDirectory" fullname="PersonalCloudLibrarySource.Tests.Transfers.LocalTransferAdapterTests.CopyDirectory_PreservesNestedStructureAndRemovesPartialDirectory" methodname="CopyDirectory_PreservesNestedStructureAndRemovesPartialDirectory" classname="PersonalCloudLibrarySource.Tests.Transfers.LocalTransferAdapterTests" runstate="Runnable" seed="687525652" result="Passed" start-time="2026-07-12T03:18:38.7522494Z" end-time="2026-07-12T03:18:38.7804375Z" duration="0.026854" asserts="4" />
            <test-case id="1029" name="CopyFile_Cancellation_RemovesPartialDataAndLeavesDestinationMissing" fullname="PersonalCloudLibrarySource.Tests.Transfers.LocalTransferAdapterTests.CopyFile_Cancellation_RemovesPartialDataAndLeavesDestinationMissing" methodname="CopyFile_Cancellation_RemovesPartialDataAndLeavesDestinationMissing" classname="PersonalCloudLibrarySource.Tests.Transfers.LocalTransferAdapterTests" runstate="Runnable" seed="787978302" result="Passed" start-time="2026-07-12T03:18:38.7804375Z" end-time="2026-07-12T03:18:38.7864780Z" duration="0.006111" asserts="4" />
            <test-case id="1030" name="CopyFile_ExistingDestination_FailsWithoutOverwriting" fullname="PersonalCloudLibrarySource.Tests.Transfers.LocalTransferAdapterTests.CopyFile_ExistingDestination_FailsWithoutOverwriting" methodname="CopyFile_ExistingDestination_FailsWithoutOverwriting" classname="PersonalCloudLibrarySource.Tests.Transfers.LocalTransferAdapterTests" runstate="Runnable" seed="1425443925" result="Passed" start-time="2026-07-12T03:18:38.7864780Z" end-time="2026-07-12T03:18:38.7877925Z" duration="0.002155" asserts="3" />
            <test-case id="1027" name="CopyFile_UsesPartialFileAndMovesVerifiedResultIntoPlace" fullname="PersonalCloudLibrarySource.Tests.Transfers.LocalTransferAdapterTests.CopyFile_UsesPartialFileAndMovesVerifiedResultIntoPlace" methodname="CopyFile_UsesPartialFileAndMovesVerifiedResultIntoPlace" classname="PersonalCloudLibrarySource.Tests.Transfers.LocalTransferAdapterTests" runstate="Runnable" seed="2110342054" result="Passed" start-time="2026-07-12T03:18:38.7877925Z" end-time="2026-07-12T03:18:38.8019126Z" duration="0.013185" asserts="7" />
          </test-suite>
          <test-suite type="TestFixture" id="1031" name="RcloneCommandBuilderTests" fullname="PersonalCloudLibrarySource.Tests.Transfers.RcloneCommandBuilderTests" classname="PersonalCloudLibrarySource.Tests.Transfers.RcloneCommandBuilderTests" runstate="Runnable" testcasecount="2" result="Passed" start-time="2026-07-12T03:18:38.8019126Z" end-time="2026-07-12T03:18:38.8036769Z" duration="0.001442" total="2" passed="2" failed="0" warnings="0" inconclusive="0" skipped="0" asserts="9">
            <test-case id="1033" name="BuildArguments_DirectoryTransfer_UsesCopyAndCreateEmptyDirectories" fullname="PersonalCloudLibrarySource.Tests.Transfers.RcloneCommandBuilderTests.BuildArguments_DirectoryTransfer_UsesCopyAndCreateEmptyDirectories" methodname="BuildArguments_DirectoryTransfer_UsesCopyAndCreateEmptyDirectories" classname="PersonalCloudLibrarySource.Tests.Transfers.RcloneCommandBuilderTests" runstate="Runnable" seed="912556009" result="Passed" start-time="2026-07-12T03:18:38.8019126Z" end-time="2026-07-12T03:18:38.8019126Z" duration="0.000952" asserts="3" />
            <test-case id="1032" name="BuildArguments_FileTransfer_UsesCopyToAndQuotedPartialDestination" fullname="PersonalCloudLibrarySource.Tests.Transfers.RcloneCommandBuilderTests.BuildArguments_FileTransfer_UsesCopyToAndQuotedPartialDestination" methodname="BuildArguments_FileTransfer_UsesCopyToAndQuotedPartialDestination" classname="PersonalCloudLibrarySource.Tests.Transfers.RcloneCommandBuilderTests" runstate="Runnable" seed="1719506604" result="Passed" start-time="2026-07-12T03:18:38.8019126Z" end-time="2026-07-12T03:18:38.8036769Z" duration="0.000314" asserts="6" />
          </test-suite>
          <test-suite type="TestFixture" id="1034" name="RcloneProgressParserTests" fullname="PersonalCloudLibrarySource.Tests.Transfers.RcloneProgressParserTests" classname="PersonalCloudLibrarySource.Tests.Transfers.RcloneProgressParserTests" runstate="Runnable" testcasecount="2" result="Passed" start-time="2026-07-12T03:18:38.8036769Z" end-time="2026-07-12T03:18:38.8097340Z" duration="0.006925" total="2" passed="2" failed="0" warnings="0" inconclusive="0" skipped="0" asserts="6">
            <test-case id="1035" name="TryParse_StatsLine_ReturnsTransferredAndTotalBytes" fullname="PersonalCloudLibrarySource.Tests.Transfers.RcloneProgressParserTests.TryParse_StatsLine_ReturnsTransferredAndTotalBytes" methodname="TryParse_StatsLine_ReturnsTransferredAndTotalBytes" classname="PersonalCloudLibrarySource.Tests.Transfers.RcloneProgressParserTests" runstate="Runnable" seed="2003603349" result="Passed" start-time="2026-07-12T03:18:38.8036769Z" end-time="2026-07-12T03:18:38.8097340Z" duration="0.006574" asserts="3" />
            <test-case id="1036" name="TryParse_UnrelatedLine_ReturnsFalse" fullname="PersonalCloudLibrarySource.Tests.Transfers.RcloneProgressParserTests.TryParse_UnrelatedLine_ReturnsFalse" methodname="TryParse_UnrelatedLine_ReturnsFalse" classname="PersonalCloudLibrarySource.Tests.Transfers.RcloneProgressParserTests" runstate="Runnable" seed="499988669" result="Passed" start-time="2026-07-12T03:18:38.8097340Z" end-time="2026-07-12T03:18:38.8097340Z" duration="0.000188" asserts="3" />
          </test-suite>
          <test-suite type="TestFixture" id="1037" name="RcloneTransferAdapterTests" fullname="PersonalCloudLibrarySource.Tests.Transfers.RcloneTransferAdapterTests" classname="PersonalCloudLibrarySource.Tests.Transfers.RcloneTransferAdapterTests" runstate="Runnable" testcasecount="4" result="Passed" start-time="2026-07-12T03:18:38.8097340Z" end-time="2026-07-12T03:18:38.8215872Z" duration="0.012159" total="4" passed="4" failed="0" warnings="0" inconclusive="0" skipped="0" asserts="15">
            <test-case id="1040" name="Copy_Cancelled_RemovesPartialDataAndLeavesFinalDestinationMissing" fullname="PersonalCloudLibrarySource.Tests.Transfers.RcloneTransferAdapterTests.Copy_Cancelled_RemovesPartialDataAndLeavesFinalDestinationMissing" methodname="Copy_Cancelled_RemovesPartialDataAndLeavesFinalDestinationMissing" classname="PersonalCloudLibrarySource.Tests.Transfers.RcloneTransferAdapterTests" runstate="Runnable" seed="844587265" result="Passed" start-time="2026-07-12T03:18:38.8097340Z" end-time="2026-07-12T03:18:38.8137701Z" duration="0.003533" asserts="3" />
            <test-case id="1041" name="Copy_ExistingDestination_FailsBeforeStartingRclone" fullname="PersonalCloudLibrarySource.Tests.Transfers.RcloneTransferAdapterTests.Copy_ExistingDestination_FailsBeforeStartingRclone" methodname="Copy_ExistingDestination_FailsBeforeStartingRclone" classname="PersonalCloudLibrarySource.Tests.Transfers.RcloneTransferAdapterTests" runstate="Runnable" seed="1540340177" result="Passed" start-time="2026-07-12T03:18:38.8137701Z" end-time="2026-07-12T03:18:38.8157843Z" duration="0.001830" asserts="4" />
            <test-case id="1039" name="CopyDirectory_Success_MovesVerifiedPartialDirectoryIntoFinalDestination" fullname="PersonalCloudLibrarySource.Tests.Transfers.RcloneTransferAdapterTests.CopyDirectory_Success_MovesVerifiedPartialDirectoryIntoFinalDestination" methodname="CopyDirectory_Success_MovesVerifiedPartialDirectoryIntoFinalDestination" classname="PersonalCloudLibrarySource.Tests.Transfers.RcloneTransferAdapterTests" runstate="Runnable" seed="1627890126" result="Passed" start-time="2026-07-12T03:18:38.8157843Z" end-time="2026-07-12T03:18:38.8195692Z" duration="0.003819" asserts="3" />
            <test-case id="1038" name="CopyFile_Success_MovesVerifiedPartialFileIntoFinalDestination" fullname="PersonalCloudLibrarySource.Tests.Transfers.RcloneTransferAdapterTests.CopyFile_Success_MovesVerifiedPartialFileIntoFinalDestination" methodname="CopyFile_Success_MovesVerifiedPartialFileIntoFinalDestination" classname="PersonalCloudLibrarySource.Tests.Transfers.RcloneTransferAdapterTests" runstate="Runnable" seed="454789190" result="Passed" start-time="2026-07-12T03:18:38.8195692Z" end-time="2026-07-12T03:18:38.8215872Z" duration="0.002776" asserts="5" />
          </test-suite>
          <test-suite type="TestFixture" id="1042" name="TransferActivityTrackerTests" fullname="PersonalCloudLibrarySource.Tests.Transfers.TransferActivityTrackerTests" classname="PersonalCloudLibrarySource.Tests.Transfers.TransferActivityTrackerTests" runstate="Runnable" testcasecount="4" result="Passed" start-time="2026-07-12T03:18:38.8215872Z" end-time="2026-07-12T03:18:38.8256282Z" duration="0.003737" total="4" passed="4" failed="0" warnings="0" inconclusive="0" skipped="0" asserts="10">
            <test-case id="1043" name="CollectNew_ActiveJob_ProducesNoActivity" fullname="PersonalCloudLibrarySource.Tests.Transfers.TransferActivityTrackerTests.CollectNew_ActiveJob_ProducesNoActivity" methodname="CollectNew_ActiveJob_ProducesNoActivity" classname="PersonalCloudLibrarySource.Tests.Transfers.TransferActivityTrackerTests" runstate="Runnable" seed="575062597" result="Passed" start-time="2026-07-12T03:18:38.8215872Z" end-time="2026-07-12T03:18:38.8236070Z" duration="0.001380" asserts="1" />
            <test-case id="1046" name="CollectNew_CancelledJob_ProducesCancellationRecord" fullname="PersonalCloudLibrarySource.Tests.Transfers.TransferActivityTrackerTests.CollectNew_CancelledJob_ProducesCancellationRecord" methodname="CollectNew_CancelledJob_ProducesCancellationRecord" classname="PersonalCloudLibrarySource.Tests.Transfers.TransferActivityTrackerTests" runstate="Runnable" seed="766480843" result="Passed" start-time="2026-07-12T03:18:38.8236070Z" end-time="2026-07-12T03:18:38.8256282Z" duration="0.001395" asserts="2" />
            <test-case id="1044" name="CollectNew_CompletedJob_ProducesOneRecordOnlyOnce" fullname="PersonalCloudLibrarySource.Tests.Transfers.TransferActivityTrackerTests.CollectNew_CompletedJob_ProducesOneRecordOnlyOnce" methodname="CollectNew_CompletedJob_ProducesOneRecordOnlyOnce" classname="PersonalCloudLibrarySource.Tests.Transfers.TransferActivityTrackerTests" runstate="Runnable" seed="909155702" result="Passed" start-time="2026-07-12T03:18:38.8256282Z" end-time="2026-07-12T03:18:38.8256282Z" duration="0.000482" asserts="5" />
            <test-case id="1045" name="CollectNew_FailedJob_IncludesFriendlyErrorSummary" fullname="PersonalCloudLibrarySource.Tests.Transfers.TransferActivityTrackerTests.CollectNew_FailedJob_IncludesFriendlyErrorSummary" methodname="CollectNew_FailedJob_IncludesFriendlyErrorSummary" classname="PersonalCloudLibrarySource.Tests.Transfers.TransferActivityTrackerTests" runstate="Runnable" seed="430417981" result="Passed" start-time="2026-07-12T03:18:38.8256282Z" end-time="2026-07-12T03:18:38.8256282Z" duration="0.000246" asserts="2" />
          </test-suite>
        </test-suite>
      </test-suite>
    </test-suite>
  </test-suite>
</test-run>